[debug] [2022-12-20T16:53:52.545Z] ----------------------------------------------------------------------
[debug] [2022-12-20T16:53:52.547Z] Command:       C:\Program Files\nodejs\node.exe C:\Users\parkh\AppData\Roaming\npm\node_modules\firebase-tools\lib\bin\firebase.js init hosting
[debug] [2022-12-20T16:53:52.548Z] CLI Version:   11.19.0
[debug] [2022-12-20T16:53:52.548Z] Platform:      win32
[debug] [2022-12-20T16:53:52.548Z] Node Version:  v18.12.1
[debug] [2022-12-20T16:53:52.549Z] Time:          Tue Dec 20 2022 22:23:52 GMT+0530 (India Standard Time)
[debug] [2022-12-20T16:53:52.549Z] ----------------------------------------------------------------------
[debug] 
[debug] [2022-12-20T16:53:52.556Z] > command requires scopes: ["email","openid","https://www.googleapis.com/auth/cloudplatformprojects.readonly","https://www.googleapis.com/auth/firebase","https://www.googleapis.com/auth/cloud-platform"]
[debug] [2022-12-20T16:53:52.557Z] > authorizing via signed-in user (parkhigoyal46@gmail.com)
[info] 
     ######## #### ########  ######## ########     ###     ######  ########
     ##        ##  ##     ## ##       ##     ##  ##   ##  ##       ##
     ######    ##  ########  ######   ########  #########  ######  ######
     ##        ##  ##    ##  ##       ##     ## ##     ##       ## ##
     ##       #### ##     ## ######## ########  ##     ##  ######  ########

You're about to initialize a Firebase project in this directory:

  C:\Work\Personal Website\parkhi

Before we get started, keep in mind:

  * You are currently outside your home directory

